1619564142581	mozrunner::runner	INFO	Running command: "/usr/bin/firefox" "-marionette" "-foreground" "-no-remote" "-profile" "/tmp/rust_mozprofileERMOCj"
1619564142813	Marionette	INFO	Marionette enabled
1619564143910	Marionette	INFO	Listening on port 38947
1619564144024	Marionette	WARN	TLS certificate errors will be ignored for this session
JavaScript error: resource://gre/modules/XULStore.jsm, line 66: Error: Can't find profile directory.
JavaScript error: resource://gre/modules/XULStore.jsm, line 66: Error: Can't find profile directory.
JavaScript error: resource://gre/modules/XULStore.jsm, line 66: Error: Can't find profile directory.
JavaScript error: resource://gre/modules/XULStore.jsm, line 66: Error: Can't find profile directory.
JavaScript error: resource://gre/modules/XULStore.jsm, line 66: Error: Can't find profile directory.
JavaScript error: resource://gre/modules/XULStore.jsm, line 66: Error: Can't find profile directory.
JavaScript error: resource://gre/modules/XULStore.jsm, line 66: Error: Can't find profile directory.
JavaScript error: resource://gre/modules/XULStore.jsm, line 66: Error: Can't find profile directory.
JavaScript error: resource://gre/modules/XULStore.jsm, line 66: Error: Can't find profile directory.
JavaScript error: https://www.ebay.com/mye/myebay/watchlist, line 91: ReferenceError: __RAPTOR_PUBSUB is not defined
JavaScript error: https://ir.ebaystatic.com/rs/v/10341xh50yz21mhhydueu4m5wad.js, line 1: ReferenceError: raptor is not defined
JavaScript error: https://ir.ebaystatic.com/rs/v/s0hteylevy4bpkd12dvkd4yi5ms.js, line 41: TypeError: _plsUBTTQ is undefined
JavaScript error: https://ir.ebaystatic.com/rs/v/rklixopfgi2d5mj0alnxg3vzzix.js, line 20: ReferenceError: jQuery is not defined
JavaScript error: https://www.ebay.com/mye/myebay/watchlist, line 134: ReferenceError: GH is not defined
JavaScript error: https://www.ebay.com/mye/myebay/watchlist, line 135: TypeError: Node.appendChild: Argument 1 is not an object.
1619564217825	Marionette	INFO	Stopped listening on port 38947
1619564225756	mozrunner::runner	INFO	Running command: "/usr/bin/firefox" "-marionette" "-foreground" "-no-remote" "-profile" "/tmp/rust_mozprofileJed777"
1619564225975	Marionette	INFO	Marionette enabled
1619564227067	Marionette	INFO	Listening on port 41381
1619564227093	Marionette	WARN	TLS certificate errors will be ignored for this session
JavaScript error: https://www.ebay.com/mye/myebay/watchlist, line 91: ReferenceError: __RAPTOR_PUBSUB is not defined
JavaScript error: https://ir.ebaystatic.com/rs/v/10341xh50yz21mhhydueu4m5wad.js, line 1: ReferenceError: raptor is not defined
JavaScript error: https://ir.ebaystatic.com/rs/v/s0hteylevy4bpkd12dvkd4yi5ms.js, line 41: TypeError: _plsUBTTQ is undefined
JavaScript error: https://ir.ebaystatic.com/rs/v/rklixopfgi2d5mj0alnxg3vzzix.js, line 20: ReferenceError: jQuery is not defined
JavaScript error: https://www.ebay.com/mye/myebay/watchlist, line 134: ReferenceError: GH is not defined
JavaScript error: https://www.ebay.com/mye/myebay/watchlist, line 135: TypeError: Node.appendChild: Argument 1 is not an object.
JavaScript error: https://ir.ebaystatic.com/rs/c/scandal/ScandalJS-2.1.26.min.js, line 1: ReferenceError: GH is not defined
JavaScript error: https://ir.ebaystatic.com/rs/c/scandal/ScandalJS-2.1.26.min.js, line 1: ReferenceError: GH is not defined
JavaScript error: https://ir.ebaystatic.com/rs/c/scandal/ScandalJS-2.1.26.min.js, line 1: ReferenceError: GH is not defined
JavaScript error: https://ir.ebaystatic.com/rs/c/scandal/ScandalJS-2.1.26.min.js, line 1: ReferenceError: GH is not defined
JavaScript error: https://ir.ebaystatic.com/rs/c/scandal/ScandalJS-2.1.26.min.js, line 1: ReferenceError: GH is not defined
JavaScript error: https://ir.ebaystatic.com/rs/c/scandal/ScandalJS-2.1.26.min.js, line 1: ReferenceError: GH is not defined
JavaScript error: https://ir.ebaystatic.com/rs/c/scandal/ScandalJS-2.1.26.min.js, line 1: ReferenceError: GH is not defined
JavaScript error: https://ir.ebaystatic.com/rs/c/scandal/ScandalJS-2.1.26.min.js, line 1: ReferenceError: GH is not defined
JavaScript error: https://ir.ebaystatic.com/rs/c/scandal/ScandalJS-2.1.26.min.js, line 1: ReferenceError: GH is not defined
JavaScript error: https://ir.ebaystatic.com/rs/c/scandal/ScandalJS-2.1.26.min.js, line 1: ReferenceError: GH is not defined
JavaScript error: https://ir.ebaystatic.com/rs/c/scandal/ScandalJS-2.1.26.min.js, line 1: ReferenceError: GH is not defined
JavaScript error: https://ir.ebaystatic.com/rs/c/scandal/ScandalJS-2.1.26.min.js, line 1: ReferenceError: GH is not defined
JavaScript error: https://ir.ebaystatic.com/rs/c/scandal/ScandalJS-2.1.26.min.js, line 1: ReferenceError: GH is not defined
JavaScript error: https://ir.ebaystatic.com/rs/c/scandal/ScandalJS-2.1.26.min.js, line 1: ReferenceError: GH is not defined
JavaScript error: https://ir.ebaystatic.com/rs/c/scandal/ScandalJS-2.1.26.min.js, line 1: ReferenceError: GH is not defined
JavaScript error: https://ir.ebaystatic.com/rs/c/scandal/ScandalJS-2.1.26.min.js, line 1: ReferenceError: GH is not defined
JavaScript error: https://ir.ebaystatic.com/rs/c/scandal/ScandalJS-2.1.26.min.js, line 1: ReferenceError: GH is not defined
JavaScript error: https://ir.ebaystatic.com/rs/c/scandal/ScandalJS-2.1.26.min.js, line 1: ReferenceError: GH is not defined
JavaScript error: https://ir.ebaystatic.com/rs/c/scandal/ScandalJS-2.1.26.min.js, line 1: ReferenceError: GH is not defined
JavaScript error: https://ir.ebaystatic.com/rs/c/scandal/ScandalJS-2.1.26.min.js, line 1: ReferenceError: GH is not defined
JavaScript error: resource://activity-stream/lib/PersonalityProvider/PersonalityProvider.jsm, line 84: TypeError: http://%(server)s/dummy/blocklist// is not a valid URL.
1619565049340	Marionette	INFO	Stopped listening on port 41381
1619565058884	mozrunner::runner	INFO	Running command: "/usr/bin/firefox" "-marionette" "-foreground" "-no-remote" "-profile" "/tmp/rust_mozprofile5rKr8X"
1619565059117	Marionette	INFO	Marionette enabled
1619565060301	Marionette	INFO	Listening on port 34965
1619565060421	Marionette	WARN	TLS certificate errors will be ignored for this session
JavaScript error: https://www.ebay.com/mye/myebay/watchlist, line 91: ReferenceError: __RAPTOR_PUBSUB is not defined
JavaScript error: https://ir.ebaystatic.com/rs/v/10341xh50yz21mhhydueu4m5wad.js, line 1: ReferenceError: raptor is not defined
JavaScript error: https://ir.ebaystatic.com/rs/v/s0hteylevy4bpkd12dvkd4yi5ms.js, line 41: TypeError: _plsUBTTQ is undefined
JavaScript error: https://ir.ebaystatic.com/rs/v/rklixopfgi2d5mj0alnxg3vzzix.js, line 20: ReferenceError: jQuery is not defined
JavaScript error: https://www.ebay.com/mye/myebay/watchlist, line 134: ReferenceError: GH is not defined
JavaScript error: https://www.ebay.com/mye/myebay/watchlist, line 135: TypeError: Node.appendChild: Argument 1 is not an object.
JavaScript error: https://ir.ebaystatic.com/rs/c/scandal/ScandalJS-2.1.26.min.js, line 1: ReferenceError: GH is not defined
JavaScript error: https://ir.ebaystatic.com/rs/c/scandal/ScandalJS-2.1.26.min.js, line 1: ReferenceError: GH is not defined
JavaScript error: https://ir.ebaystatic.com/rs/c/scandal/ScandalJS-2.1.26.min.js, line 1: ReferenceError: GH is not defined
JavaScript error: https://ir.ebaystatic.com/rs/c/scandal/ScandalJS-2.1.26.min.js, line 1: ReferenceError: GH is not defined
JavaScript error: https://ir.ebaystatic.com/rs/c/scandal/ScandalJS-2.1.26.min.js, line 1: ReferenceError: GH is not defined
JavaScript error: https://ir.ebaystatic.com/rs/c/scandal/ScandalJS-2.1.26.min.js, line 1: ReferenceError: GH is not defined
JavaScript error: https://ir.ebaystatic.com/rs/c/scandal/ScandalJS-2.1.26.min.js, line 1: ReferenceError: GH is not defined
JavaScript error: https://ir.ebaystatic.com/rs/c/scandal/ScandalJS-2.1.26.min.js, line 1: ReferenceError: GH is not defined
JavaScript error: https://ir.ebaystatic.com/rs/c/scandal/ScandalJS-2.1.26.min.js, line 1: ReferenceError: GH is not defined
JavaScript error: https://ir.ebaystatic.com/rs/c/scandal/ScandalJS-2.1.26.min.js, line 1: ReferenceError: GH is not defined
JavaScript error: https://ir.ebaystatic.com/rs/c/scandal/ScandalJS-2.1.26.min.js, line 1: ReferenceError: GH is not defined
JavaScript error: https://ir.ebaystatic.com/rs/c/scandal/ScandalJS-2.1.26.min.js, line 1: ReferenceError: GH is not defined
JavaScript error: https://ir.ebaystatic.com/rs/c/scandal/ScandalJS-2.1.26.min.js, line 1: ReferenceError: GH is not defined
JavaScript error: https://ir.ebaystatic.com/rs/c/scandal/ScandalJS-2.1.26.min.js, line 1: ReferenceError: GH is not defined
JavaScript error: https://ir.ebaystatic.com/rs/c/scandal/ScandalJS-2.1.26.min.js, line 1: ReferenceError: GH is not defined
JavaScript error: https://ir.ebaystatic.com/rs/c/scandal/ScandalJS-2.1.26.min.js, line 1: ReferenceError: GH is not defined
JavaScript error: https://ir.ebaystatic.com/rs/c/scandal/ScandalJS-2.1.26.min.js, line 1: ReferenceError: GH is not defined
JavaScript error: https://ir.ebaystatic.com/rs/c/scandal/ScandalJS-2.1.26.min.js, line 1: ReferenceError: GH is not defined
JavaScript error: https://ir.ebaystatic.com/rs/c/scandal/ScandalJS-2.1.26.min.js, line 1: ReferenceError: GH is not defined
JavaScript error: https://ir.ebaystatic.com/rs/c/scandal/ScandalJS-2.1.26.min.js, line 1: ReferenceError: GH is not defined
1619565918271	mozrunner::runner	INFO	Running command: "/usr/bin/firefox" "-marionette" "-foreground" "-no-remote" "-profile" "/tmp/rust_mozprofile2WEOIq"
1619565918494	Marionette	INFO	Marionette enabled
1619565919691	Marionette	INFO	Listening on port 45069
1619565919707	Marionette	WARN	TLS certificate errors will be ignored for this session
JavaScript error: https://www.ebay.com/mye/myebay/watchlist, line 91: ReferenceError: __RAPTOR_PUBSUB is not defined
JavaScript error: https://ir.ebaystatic.com/rs/v/10341xh50yz21mhhydueu4m5wad.js, line 1: ReferenceError: raptor is not defined
JavaScript error: https://ir.ebaystatic.com/rs/v/s0hteylevy4bpkd12dvkd4yi5ms.js, line 41: TypeError: _plsUBTTQ is undefined
JavaScript error: https://ir.ebaystatic.com/rs/v/rklixopfgi2d5mj0alnxg3vzzix.js, line 20: ReferenceError: jQuery is not defined
JavaScript error: https://www.ebay.com/mye/myebay/watchlist, line 134: ReferenceError: GH is not defined
JavaScript error: https://www.ebay.com/mye/myebay/watchlist, line 135: TypeError: Node.appendChild: Argument 1 is not an object.
1619565935957	Marionette	INFO	Stopped listening on port 45069

###!!! [Parent][RunMessage] Error: Channel closing: too late to send/recv, messages will be lost

1619565942480	mozrunner::runner	INFO	Running command: "/usr/bin/firefox" "-marionette" "-foreground" "-no-remote" "-profile" "/tmp/rust_mozprofileRxAziH"
1619565942698	Marionette	INFO	Marionette enabled
1619565943743	Marionette	INFO	Listening on port 38209
1619565943820	Marionette	WARN	TLS certificate errors will be ignored for this session
JavaScript error: https://www.ebay.com/mye/myebay/watchlist, line 91: ReferenceError: __RAPTOR_PUBSUB is not defined
JavaScript error: https://ir.ebaystatic.com/rs/v/10341xh50yz21mhhydueu4m5wad.js, line 1: ReferenceError: raptor is not defined
JavaScript error: https://ir.ebaystatic.com/rs/v/s0hteylevy4bpkd12dvkd4yi5ms.js, line 41: TypeError: _plsUBTTQ is undefined
JavaScript error: https://ir.ebaystatic.com/rs/v/rklixopfgi2d5mj0alnxg3vzzix.js, line 20: ReferenceError: jQuery is not defined
JavaScript error: https://www.ebay.com/mye/myebay/watchlist, line 134: ReferenceError: GH is not defined
JavaScript error: https://www.ebay.com/mye/myebay/watchlist, line 135: TypeError: Node.appendChild: Argument 1 is not an object.
JavaScript error: https://ir.ebaystatic.com/rs/c/scandal/ScandalJS-2.1.26.min.js, line 1: ReferenceError: GH is not defined
JavaScript error: https://ir.ebaystatic.com/rs/c/scandal/ScandalJS-2.1.26.min.js, line 1: ReferenceError: GH is not defined
JavaScript error: https://ir.ebaystatic.com/rs/c/scandal/ScandalJS-2.1.26.min.js, line 1: ReferenceError: GH is not defined
JavaScript error: https://ir.ebaystatic.com/rs/c/scandal/ScandalJS-2.1.26.min.js, line 1: ReferenceError: GH is not defined
JavaScript error: https://ir.ebaystatic.com/rs/c/scandal/ScandalJS-2.1.26.min.js, line 1: ReferenceError: GH is not defined
JavaScript error: https://ir.ebaystatic.com/rs/c/scandal/ScandalJS-2.1.26.min.js, line 1: ReferenceError: GH is not defined
JavaScript error: https://ir.ebaystatic.com/rs/c/scandal/ScandalJS-2.1.26.min.js, line 1: ReferenceError: GH is not defined
JavaScript error: https://ir.ebaystatic.com/rs/c/scandal/ScandalJS-2.1.26.min.js, line 1: ReferenceError: GH is not defined
JavaScript error: https://ir.ebaystatic.com/rs/c/scandal/ScandalJS-2.1.26.min.js, line 1: ReferenceError: GH is not defined
JavaScript error: https://ir.ebaystatic.com/rs/c/scandal/ScandalJS-2.1.26.min.js, line 1: ReferenceError: GH is not defined
JavaScript error: https://ir.ebaystatic.com/rs/c/scandal/ScandalJS-2.1.26.min.js, line 1: ReferenceError: GH is not defined
JavaScript error: https://ir.ebaystatic.com/rs/c/scandal/ScandalJS-2.1.26.min.js, line 1: ReferenceError: GH is not defined
JavaScript error: https://ir.ebaystatic.com/rs/c/scandal/ScandalJS-2.1.26.min.js, line 1: ReferenceError: GH is not defined
JavaScript error: https://ir.ebaystatic.com/rs/c/scandal/ScandalJS-2.1.26.min.js, line 1: ReferenceError: GH is not defined
JavaScript error: https://ir.ebaystatic.com/rs/c/scandal/ScandalJS-2.1.26.min.js, line 1: ReferenceError: GH is not defined
JavaScript error: https://ir.ebaystatic.com/rs/c/scandal/ScandalJS-2.1.26.min.js, line 1: ReferenceError: GH is not defined
JavaScript error: https://ir.ebaystatic.com/rs/c/scandal/ScandalJS-2.1.26.min.js, line 1: ReferenceError: GH is not defined
JavaScript error: https://ir.ebaystatic.com/rs/c/scandal/ScandalJS-2.1.26.min.js, line 1: ReferenceError: GH is not defined
JavaScript error: https://ir.ebaystatic.com/rs/c/scandal/ScandalJS-2.1.26.min.js, line 1: ReferenceError: GH is not defined
JavaScript error: https://ir.ebaystatic.com/rs/c/scandal/ScandalJS-2.1.26.min.js, line 1: ReferenceError: GH is not defined
JavaScript error: resource://activity-stream/lib/PersonalityProvider/PersonalityProvider.jsm, line 84: TypeError: http://%(server)s/dummy/blocklist// is not a valid URL.
JavaScript error: resource://activity-stream/lib/PersonalityProvider/PersonalityProvider.jsm, line 84: TypeError: http://%(server)s/dummy/blocklist// is not a valid URL.
JavaScript error: resource://activity-stream/lib/PersonalityProvider/PersonalityProvider.jsm, line 84: TypeError: http://%(server)s/dummy/blocklist// is not a valid URL.
JavaScript error: resource://activity-stream/lib/PersonalityProvider/PersonalityProvider.jsm, line 84: TypeError: http://%(server)s/dummy/blocklist// is not a valid URL.
JavaScript error: resource://activity-stream/lib/PersonalityProvider/PersonalityProvider.jsm, line 84: TypeError: http://%(server)s/dummy/blocklist// is not a valid URL.
JavaScript error: resource://activity-stream/lib/PersonalityProvider/PersonalityProvider.jsm, line 84: TypeError: http://%(server)s/dummy/blocklist// is not a valid URL.
JavaScript error: resource://activity-stream/lib/PersonalityProvider/PersonalityProvider.jsm, line 84: TypeError: http://%(server)s/dummy/blocklist// is not a valid URL.
JavaScript error: resource://activity-stream/lib/PersonalityProvider/PersonalityProvider.jsm, line 84: TypeError: http://%(server)s/dummy/blocklist// is not a valid URL.
JavaScript error: resource://activity-stream/lib/PersonalityProvider/PersonalityProvider.jsm, line 84: TypeError: http://%(server)s/dummy/blocklist// is not a valid URL.
JavaScript error: resource://activity-stream/lib/PersonalityProvider/PersonalityProvider.jsm, line 84: TypeError: http://%(server)s/dummy/blocklist// is not a valid URL.
JavaScript error: resource://activity-stream/lib/PersonalityProvider/PersonalityProvider.jsm, line 84: TypeError: http://%(server)s/dummy/blocklist// is not a valid URL.
JavaScript error: resource://activity-stream/lib/PersonalityProvider/PersonalityProvider.jsm, line 84: TypeError: http://%(server)s/dummy/blocklist// is not a valid URL.
JavaScript error: resource://activity-stream/lib/PersonalityProvider/PersonalityProvider.jsm, line 84: TypeError: http://%(server)s/dummy/blocklist// is not a valid URL.
JavaScript error: resource://activity-stream/lib/PersonalityProvider/PersonalityProvider.jsm, line 84: TypeError: http://%(server)s/dummy/blocklist// is not a valid URL.
JavaScript error: resource://activity-stream/lib/PersonalityProvider/PersonalityProvider.jsm, line 84: TypeError: http://%(server)s/dummy/blocklist// is not a valid URL.
JavaScript error: resource://activity-stream/lib/PersonalityProvider/PersonalityProvider.jsm, line 84: TypeError: http://%(server)s/dummy/blocklist// is not a valid URL.
JavaScript error: resource://activity-stream/lib/PersonalityProvider/PersonalityProvider.jsm, line 84: TypeError: http://%(server)s/dummy/blocklist// is not a valid URL.
JavaScript error: resource://activity-stream/lib/PersonalityProvider/PersonalityProvider.jsm, line 84: TypeError: http://%(server)s/dummy/blocklist// is not a valid URL.
1619583221783	mozrunner::runner	INFO	Running command: "/usr/bin/firefox" "-marionette" "-foreground" "-no-remote" "-profile" "/tmp/rust_mozprofilegRk6aI"
1619583221993	Marionette	INFO	Marionette enabled
1619583223095	Marionette	INFO	Listening on port 43593
1619583223122	Marionette	WARN	TLS certificate errors will be ignored for this session
JavaScript error: https://www.ebay.com/mye/myebay/watchlist, line 91: ReferenceError: __RAPTOR_PUBSUB is not defined
JavaScript error: https://ir.ebaystatic.com/rs/v/10341xh50yz21mhhydueu4m5wad.js, line 1: ReferenceError: raptor is not defined
JavaScript error: https://ir.ebaystatic.com/rs/v/s0hteylevy4bpkd12dvkd4yi5ms.js, line 41: TypeError: _plsUBTTQ is undefined
JavaScript error: https://ir.ebaystatic.com/rs/v/rklixopfgi2d5mj0alnxg3vzzix.js, line 20: ReferenceError: jQuery is not defined
JavaScript error: https://www.ebay.com/mye/myebay/watchlist, line 134: ReferenceError: GH is not defined
JavaScript error: https://www.ebay.com/mye/myebay/watchlist, line 135: TypeError: Node.appendChild: Argument 1 is not an object.
JavaScript error: https://ir.ebaystatic.com/rs/c/scandal/ScandalJS-2.1.26.min.js, line 1: ReferenceError: GH is not defined
JavaScript error: https://ir.ebaystatic.com/rs/c/scandal/ScandalJS-2.1.26.min.js, line 1: ReferenceError: GH is not defined
JavaScript error: https://ir.ebaystatic.com/rs/c/scandal/ScandalJS-2.1.26.min.js, line 1: ReferenceError: GH is not defined
JavaScript error: https://ir.ebaystatic.com/rs/c/scandal/ScandalJS-2.1.26.min.js, line 1: ReferenceError: GH is not defined
JavaScript error: https://ir.ebaystatic.com/rs/c/scandal/ScandalJS-2.1.26.min.js, line 1: ReferenceError: GH is not defined
JavaScript error: https://ir.ebaystatic.com/rs/c/scandal/ScandalJS-2.1.26.min.js, line 1: ReferenceError: GH is not defined
JavaScript error: https://ir.ebaystatic.com/rs/c/scandal/ScandalJS-2.1.26.min.js, line 1: ReferenceError: GH is not defined
JavaScript error: https://ir.ebaystatic.com/rs/c/scandal/ScandalJS-2.1.26.min.js, line 1: ReferenceError: GH is not defined
JavaScript error: https://ir.ebaystatic.com/rs/c/scandal/ScandalJS-2.1.26.min.js, line 1: ReferenceError: GH is not defined
JavaScript error: https://ir.ebaystatic.com/rs/c/scandal/ScandalJS-2.1.26.min.js, line 1: ReferenceError: GH is not defined
JavaScript error: https://ir.ebaystatic.com/rs/c/scandal/ScandalJS-2.1.26.min.js, line 1: ReferenceError: GH is not defined
JavaScript error: https://ir.ebaystatic.com/rs/c/scandal/ScandalJS-2.1.26.min.js, line 1: ReferenceError: GH is not defined
JavaScript error: https://ir.ebaystatic.com/rs/c/scandal/ScandalJS-2.1.26.min.js, line 1: ReferenceError: GH is not defined
JavaScript error: https://ir.ebaystatic.com/rs/c/scandal/ScandalJS-2.1.26.min.js, line 1: ReferenceError: GH is not defined
JavaScript error: https://ir.ebaystatic.com/rs/c/scandal/ScandalJS-2.1.26.min.js, line 1: ReferenceError: GH is not defined
JavaScript error: https://ir.ebaystatic.com/rs/c/scandal/ScandalJS-2.1.26.min.js, line 1: ReferenceError: GH is not defined
JavaScript error: https://ir.ebaystatic.com/rs/c/scandal/ScandalJS-2.1.26.min.js, line 1: ReferenceError: GH is not defined
JavaScript error: https://ir.ebaystatic.com/rs/c/scandal/ScandalJS-2.1.26.min.js, line 1: ReferenceError: GH is not defined
JavaScript error: https://ir.ebaystatic.com/rs/c/scandal/ScandalJS-2.1.26.min.js, line 1: ReferenceError: GH is not defined
JavaScript error: https://ir.ebaystatic.com/rs/c/scandal/ScandalJS-2.1.26.min.js, line 1: ReferenceError: GH is not defined
1619583276293	mozrunner::runner	INFO	Running command: "/usr/bin/firefox" "-marionette" "-foreground" "-no-remote" "-profile" "/tmp/rust_mozprofileoYUDgM"
1619583276558	Marionette	INFO	Marionette enabled
1619583277715	Marionette	INFO	Listening on port 46375
1619583277747	Marionette	WARN	TLS certificate errors will be ignored for this session
JavaScript error: https://www.ebay.com/mye/myebay/watchlist, line 91: ReferenceError: __RAPTOR_PUBSUB is not defined
JavaScript error: https://ir.ebaystatic.com/rs/v/10341xh50yz21mhhydueu4m5wad.js, line 1: ReferenceError: raptor is not defined
JavaScript error: https://ir.ebaystatic.com/rs/v/s0hteylevy4bpkd12dvkd4yi5ms.js, line 41: TypeError: _plsUBTTQ is undefined
JavaScript error: https://ir.ebaystatic.com/rs/v/rklixopfgi2d5mj0alnxg3vzzix.js, line 20: ReferenceError: jQuery is not defined
JavaScript error: https://www.ebay.com/mye/myebay/watchlist, line 134: ReferenceError: GH is not defined
JavaScript error: https://www.ebay.com/mye/myebay/watchlist, line 135: TypeError: Node.appendChild: Argument 1 is not an object.
1619583283439	Marionette	INFO	Stopped listening on port 46375
1619583285323	Marionette	INFO	Stopped listening on port 43593

###!!! [Parent][RunMessage] Error: Channel closing: too late to send/recv, messages will be lost

1619583287605	Marionette	INFO	Stopped listening on port 38209

###!!! [Parent][RunMessage] Error: Channel closing: too late to send/recv, messages will be lost

JavaScript error: resource://activity-stream/lib/PersonalityProvider/PersonalityProvider.jsm, line 84: TypeError: http://%(server)s/dummy/blocklist// is not a valid URL.
JavaScript error: resource://activity-stream/lib/PersonalityProvider/PersonalityProvider.jsm, line 84: TypeError: http://%(server)s/dummy/blocklist// is not a valid URL.
JavaScript error: resource://activity-stream/lib/PersonalityProvider/PersonalityProvider.jsm, line 84: TypeError: http://%(server)s/dummy/blocklist// is not a valid URL.
JavaScript error: resource://activity-stream/lib/PersonalityProvider/PersonalityProvider.jsm, line 84: TypeError: http://%(server)s/dummy/blocklist// is not a valid URL.
JavaScript error: resource://activity-stream/lib/PersonalityProvider/PersonalityProvider.jsm, line 84: TypeError: http://%(server)s/dummy/blocklist// is not a valid URL.
1619635309422	mozrunner::runner	INFO	Running command: "/usr/bin/firefox" "-marionette" "-foreground" "-no-remote" "-profile" "/tmp/rust_mozprofileyc5Dwo"
1619635309681	Marionette	INFO	Marionette enabled
1619635310836	Marionette	INFO	Listening on port 36401
1619635310873	Marionette	WARN	TLS certificate errors will be ignored for this session
JavaScript error: https://www.ebay.com/mye/myebay/watchlist, line 91: ReferenceError: __RAPTOR_PUBSUB is not defined
JavaScript error: https://ir.ebaystatic.com/rs/v/10341xh50yz21mhhydueu4m5wad.js, line 1: ReferenceError: raptor is not defined
JavaScript error: https://ir.ebaystatic.com/rs/v/s0hteylevy4bpkd12dvkd4yi5ms.js, line 41: TypeError: _plsUBTTQ is undefined
JavaScript error: https://ir.ebaystatic.com/rs/v/rklixopfgi2d5mj0alnxg3vzzix.js, line 20: ReferenceError: jQuery is not defined
JavaScript error: https://www.ebay.com/mye/myebay/watchlist, line 134: ReferenceError: GH is not defined
JavaScript error: https://www.ebay.com/mye/myebay/watchlist, line 135: TypeError: Node.appendChild: Argument 1 is not an object.
JavaScript error: resource://activity-stream/lib/PersonalityProvider/PersonalityProvider.jsm, line 84: TypeError: http://%(server)s/dummy/blocklist// is not a valid URL.
JavaScript error: resource://activity-stream/lib/PersonalityProvider/PersonalityProvider.jsm, line 84: TypeError: http://%(server)s/dummy/blocklist// is not a valid URL.
JavaScript error: resource://activity-stream/lib/PersonalityProvider/PersonalityProvider.jsm, line 84: TypeError: http://%(server)s/dummy/blocklist// is not a valid URL.
JavaScript error: resource://activity-stream/lib/PersonalityProvider/PersonalityProvider.jsm, line 84: TypeError: http://%(server)s/dummy/blocklist// is not a valid URL.
JavaScript error: https://www.ebay.com/mye/myebay/watchlist, line 91: ReferenceError: __RAPTOR_PUBSUB is not defined
JavaScript error: https://ir.ebaystatic.com/rs/v/10341xh50yz21mhhydueu4m5wad.js, line 1: ReferenceError: raptor is not defined
JavaScript error: https://ir.ebaystatic.com/rs/v/s0hteylevy4bpkd12dvkd4yi5ms.js, line 41: TypeError: _plsUBTTQ is undefined
JavaScript error: https://ir.ebaystatic.com/rs/v/rklixopfgi2d5mj0alnxg3vzzix.js, line 20: ReferenceError: jQuery is not defined
JavaScript error: https://www.ebay.com/mye/myebay/watchlist, line 134: ReferenceError: GH is not defined
JavaScript error: https://www.ebay.com/mye/myebay/watchlist, line 135: TypeError: Node.appendChild: Argument 1 is not an object.
JavaScript error: resource://activity-stream/lib/PersonalityProvider/PersonalityProvider.jsm, line 84: TypeError: http://%(server)s/dummy/blocklist// is not a valid URL.
1619641501941	mozrunner::runner	INFO	Running command: "/usr/bin/firefox" "-marionette" "-foreground" "-no-remote" "-profile" "/tmp/rust_mozprofilepEWacg"
1619641502276	Marionette	INFO	Marionette enabled
1619641503519	Marionette	INFO	Listening on port 33609
1619641503581	Marionette	WARN	TLS certificate errors will be ignored for this session
JavaScript error: https://www.ebay.com/mye/myebay/watchlist, line 91: ReferenceError: __RAPTOR_PUBSUB is not defined
JavaScript error: https://ir.ebaystatic.com/rs/v/10341xh50yz21mhhydueu4m5wad.js, line 1: ReferenceError: raptor is not defined
JavaScript error: https://ir.ebaystatic.com/rs/v/s0hteylevy4bpkd12dvkd4yi5ms.js, line 41: TypeError: _plsUBTTQ is undefined
JavaScript error: https://ir.ebaystatic.com/rs/v/rklixopfgi2d5mj0alnxg3vzzix.js, line 20: ReferenceError: jQuery is not defined
JavaScript error: https://www.ebay.com/mye/myebay/watchlist, line 134: ReferenceError: GH is not defined
JavaScript error: https://www.ebay.com/mye/myebay/watchlist, line 135: TypeError: Node.appendChild: Argument 1 is not an object.
1619641504849	Marionette	INFO	Stopped listening on port 36401

###!!! [Parent][RunMessage] Error: Channel closing: too late to send/recv, messages will be lost

JavaScript error: https://ir.ebaystatic.com/rs/c/scandal/ScandalJS-2.1.26.min.js, line 1: ReferenceError: GH is not defined
JavaScript error: https://ir.ebaystatic.com/rs/c/scandal/ScandalJS-2.1.26.min.js, line 1: ReferenceError: GH is not defined
JavaScript error: https://ir.ebaystatic.com/rs/c/scandal/ScandalJS-2.1.26.min.js, line 1: ReferenceError: GH is not defined
JavaScript error: https://ir.ebaystatic.com/rs/c/scandal/ScandalJS-2.1.26.min.js, line 1: ReferenceError: GH is not defined
JavaScript error: https://ir.ebaystatic.com/rs/c/scandal/ScandalJS-2.1.26.min.js, line 1: ReferenceError: GH is not defined
JavaScript error: https://ir.ebaystatic.com/rs/c/scandal/ScandalJS-2.1.26.min.js, line 1: ReferenceError: GH is not defined
JavaScript error: https://ir.ebaystatic.com/rs/c/scandal/ScandalJS-2.1.26.min.js, line 1: ReferenceError: GH is not defined
JavaScript error: https://ir.ebaystatic.com/rs/c/scandal/ScandalJS-2.1.26.min.js, line 1: ReferenceError: GH is not defined
JavaScript error: https://ir.ebaystatic.com/rs/c/scandal/ScandalJS-2.1.26.min.js, line 1: ReferenceError: GH is not defined
JavaScript error: https://ir.ebaystatic.com/rs/c/scandal/ScandalJS-2.1.26.min.js, line 1: ReferenceError: GH is not defined
JavaScript error: https://ir.ebaystatic.com/rs/c/scandal/ScandalJS-2.1.26.min.js, line 1: ReferenceError: GH is not defined
JavaScript error: https://ir.ebaystatic.com/rs/c/scandal/ScandalJS-2.1.26.min.js, line 1: ReferenceError: GH is not defined
JavaScript error: https://ir.ebaystatic.com/rs/c/scandal/ScandalJS-2.1.26.min.js, line 1: ReferenceError: GH is not defined
JavaScript error: https://ir.ebaystatic.com/rs/c/scandal/ScandalJS-2.1.26.min.js, line 1: ReferenceError: GH is not defined
JavaScript error: https://ir.ebaystatic.com/rs/c/scandal/ScandalJS-2.1.26.min.js, line 1: ReferenceError: GH is not defined
JavaScript error: https://ir.ebaystatic.com/rs/c/scandal/ScandalJS-2.1.26.min.js, line 1: ReferenceError: GH is not defined
JavaScript error: https://ir.ebaystatic.com/rs/c/scandal/ScandalJS-2.1.26.min.js, line 1: ReferenceError: GH is not defined
JavaScript error: https://ir.ebaystatic.com/rs/c/scandal/ScandalJS-2.1.26.min.js, line 1: ReferenceError: GH is not defined
JavaScript error: https://ir.ebaystatic.com/rs/c/scandal/ScandalJS-2.1.26.min.js, line 1: ReferenceError: GH is not defined
JavaScript error: https://ir.ebaystatic.com/rs/c/scandal/ScandalJS-2.1.26.min.js, line 1: ReferenceError: GH is not defined
1619642433036	Marionette	INFO	Stopped listening on port 33609

###!!! [Parent][RunMessage] Error: Channel closing: too late to send/recv, messages will be lost

1619642442930	mozrunner::runner	INFO	Running command: "/usr/bin/firefox" "-marionette" "-foreground" "-no-remote" "-profile" "/tmp/rust_mozprofileeTpqHO"
1619642443214	Marionette	INFO	Marionette enabled
1619642444410	Marionette	INFO	Listening on port 46517
1619642444479	Marionette	WARN	TLS certificate errors will be ignored for this session
JavaScript error: https://www.ebay.com/mye/myebay/watchlist, line 91: ReferenceError: __RAPTOR_PUBSUB is not defined
JavaScript error: https://ir.ebaystatic.com/rs/v/10341xh50yz21mhhydueu4m5wad.js, line 1: ReferenceError: raptor is not defined
JavaScript error: https://ir.ebaystatic.com/rs/v/s0hteylevy4bpkd12dvkd4yi5ms.js, line 41: TypeError: _plsUBTTQ is undefined
JavaScript error: https://ir.ebaystatic.com/rs/v/rklixopfgi2d5mj0alnxg3vzzix.js, line 20: ReferenceError: jQuery is not defined
JavaScript error: https://www.ebay.com/mye/myebay/watchlist, line 134: ReferenceError: GH is not defined
JavaScript error: https://www.ebay.com/mye/myebay/watchlist, line 135: TypeError: Node.appendChild: Argument 1 is not an object.
JavaScript error: resource://activity-stream/lib/PersonalityProvider/PersonalityProvider.jsm, line 84: TypeError: http://%(server)s/dummy/blocklist// is not a valid URL.
1619643954943	mozrunner::runner	INFO	Running command: "/usr/bin/firefox" "-marionette" "-foreground" "-no-remote" "-profile" "/tmp/rust_mozprofilel295ZD"
1619643955237	Marionette	INFO	Marionette enabled
1619643956542	Marionette	INFO	Listening on port 41727
1619643956615	Marionette	WARN	TLS certificate errors will be ignored for this session
JavaScript error: https://www.ebay.com/mye/myebay/watchlist, line 91: ReferenceError: __RAPTOR_PUBSUB is not defined
JavaScript error: https://ir.ebaystatic.com/rs/v/10341xh50yz21mhhydueu4m5wad.js, line 1: ReferenceError: raptor is not defined
JavaScript error: https://ir.ebaystatic.com/rs/v/s0hteylevy4bpkd12dvkd4yi5ms.js, line 41: TypeError: _plsUBTTQ is undefined
JavaScript error: https://ir.ebaystatic.com/rs/v/rklixopfgi2d5mj0alnxg3vzzix.js, line 20: ReferenceError: jQuery is not defined
JavaScript error: https://www.ebay.com/mye/myebay/watchlist, line 134: ReferenceError: GH is not defined
JavaScript error: https://www.ebay.com/mye/myebay/watchlist, line 135: TypeError: Node.appendChild: Argument 1 is not an object.
1619643966833	Marionette	INFO	Stopped listening on port 41727
JavaScript error: resource://activity-stream/lib/PersonalityProvider/PersonalityProvider.jsm, line 84: TypeError: http://%(server)s/dummy/blocklist// is not a valid URL.
JavaScript error: resource://activity-stream/lib/PersonalityProvider/PersonalityProvider.jsm, line 84: TypeError: http://%(server)s/dummy/blocklist// is not a valid URL.
JavaScript error: resource://activity-stream/lib/PersonalityProvider/PersonalityProvider.jsm, line 84: TypeError: http://%(server)s/dummy/blocklist// is not a valid URL.
JavaScript error: resource://activity-stream/lib/PersonalityProvider/PersonalityProvider.jsm, line 84: TypeError: http://%(server)s/dummy/blocklist// is not a valid URL.
JavaScript error: resource://activity-stream/lib/PersonalityProvider/PersonalityProvider.jsm, line 84: TypeError: http://%(server)s/dummy/blocklist// is not a valid URL.
JavaScript error: resource://activity-stream/lib/PersonalityProvider/PersonalityProvider.jsm, line 84: TypeError: http://%(server)s/dummy/blocklist// is not a valid URL.
JavaScript error: resource://activity-stream/lib/PersonalityProvider/PersonalityProvider.jsm, line 84: TypeError: http://%(server)s/dummy/blocklist// is not a valid URL.
JavaScript error: resource://activity-stream/lib/PersonalityProvider/PersonalityProvider.jsm, line 84: TypeError: http://%(server)s/dummy/blocklist// is not a valid URL.
JavaScript error: resource://activity-stream/lib/PersonalityProvider/PersonalityProvider.jsm, line 84: TypeError: http://%(server)s/dummy/blocklist// is not a valid URL.
console.error: "Failed to fetch undefinedmain-workspace/personality-provider-models/170a56ca-c1bf-4181-9b30-693002f7e245.json: "
console.error: "Failed to fetch undefinedmain-workspace/personality-provider-models/170a56ca-c1bf-4181-9b30-693002f7e245.json: "
console.error: "Failed to fetch undefinedmain-workspace/personality-provider-models/170a56ca-c1bf-4181-9b30-693002f7e245.json: "
console.error: "Failed to fetch undefinedmain-workspace/personality-provider-models/06e44aaa-324b-47ac-b458-72e1bccdf86b.json: "
console.error: "Failed to fetch undefinedmain-workspace/personality-provider-models/06e44aaa-324b-47ac-b458-72e1bccdf86b.json: "
console.error: "Failed to fetch undefinedmain-workspace/personality-provider-models/06e44aaa-324b-47ac-b458-72e1bccdf86b.json: "
console.error: "Failed to fetch undefinedmain-workspace/personality-provider-models/30c71fa2-8842-419c-89db-addd30268f5b.json: "
console.error: "Failed to fetch undefinedmain-workspace/personality-provider-models/30c71fa2-8842-419c-89db-addd30268f5b.json: "
console.error: "Failed to fetch undefinedmain-workspace/personality-provider-models/30c71fa2-8842-419c-89db-addd30268f5b.json: "
console.error: "Failed to fetch undefinedmain-workspace/personality-provider-models/fa731eb2-b049-44bc-a12d-f42f7cea991d.json: "
console.error: "Failed to fetch undefinedmain-workspace/personality-provider-models/fa731eb2-b049-44bc-a12d-f42f7cea991d.json: "
console.error: "Failed to fetch undefinedmain-workspace/personality-provider-models/fa731eb2-b049-44bc-a12d-f42f7cea991d.json: "
console.error: "Failed to fetch undefinedmain-workspace/personality-provider-models/2a0dbd55-2eae-44ea-b787-5379594979ff.json: "
console.error: "Failed to fetch undefinedmain-workspace/personality-provider-models/2a0dbd55-2eae-44ea-b787-5379594979ff.json: "
console.error: "Failed to fetch undefinedmain-workspace/personality-provider-models/2a0dbd55-2eae-44ea-b787-5379594979ff.json: "
console.error: "Failed to fetch undefinedmain-workspace/personality-provider-models/bd6fe48d-f356-4af1-bb7e-4de42b1e6272.json: "
console.error: "Failed to fetch undefinedmain-workspace/personality-provider-models/bd6fe48d-f356-4af1-bb7e-4de42b1e6272.json: "
console.error: "Failed to fetch undefinedmain-workspace/personality-provider-models/bd6fe48d-f356-4af1-bb7e-4de42b1e6272.json: "
console.error: "Failed to fetch undefinedmain-workspace/personality-provider-models/c2485f5d-8bb1-4a45-a752-efffe9cd55c3.json: "
console.error: "Failed to fetch undefinedmain-workspace/personality-provider-models/c2485f5d-8bb1-4a45-a752-efffe9cd55c3.json: "
console.error: "Failed to fetch undefinedmain-workspace/personality-provider-models/c2485f5d-8bb1-4a45-a752-efffe9cd55c3.json: "
console.error: "Failed to fetch undefinedmain-workspace/personality-provider-models/281d6a98-5f8e-4bc4-8bae-72e7e16933ca.json: "
console.error: "Failed to fetch undefinedmain-workspace/personality-provider-models/281d6a98-5f8e-4bc4-8bae-72e7e16933ca.json: "
console.error: "Failed to fetch undefinedmain-workspace/personality-provider-models/281d6a98-5f8e-4bc4-8bae-72e7e16933ca.json: "
console.error: "Failed to fetch undefinedmain-workspace/personality-provider-models/e8645388-afc5-48e3-8f3f-80f82a5353dc.json: "
console.error: "Failed to fetch undefinedmain-workspace/personality-provider-models/e8645388-afc5-48e3-8f3f-80f82a5353dc.json: "
console.error: "Failed to fetch undefinedmain-workspace/personality-provider-models/e8645388-afc5-48e3-8f3f-80f82a5353dc.json: "
console.error: "Failed to fetch undefinedmain-workspace/personality-provider-models/47d2bcee-b6c1-464e-a443-e3527d029b0f.json: "
console.error: "Failed to fetch undefinedmain-workspace/personality-provider-models/47d2bcee-b6c1-464e-a443-e3527d029b0f.json: "
console.error: "Failed to fetch undefinedmain-workspace/personality-provider-models/47d2bcee-b6c1-464e-a443-e3527d029b0f.json: "
console.error: "Failed to fetch undefinedmain-workspace/personality-provider-models/18f03fe5-a60f-48c5-8cb8-13da750ca395.json: "
console.error: "Failed to fetch undefinedmain-workspace/personality-provider-models/18f03fe5-a60f-48c5-8cb8-13da750ca395.json: "
console.error: "Failed to fetch undefinedmain-workspace/personality-provider-models/18f03fe5-a60f-48c5-8cb8-13da750ca395.json: "
console.error: "Failed to fetch undefinedmain-workspace/personality-provider-models/cdd3cdfb-1988-482a-850f-ec02aff07f45.json: "
console.error: "Failed to fetch undefinedmain-workspace/personality-provider-models/cdd3cdfb-1988-482a-850f-ec02aff07f45.json: "
console.error: "Failed to fetch undefinedmain-workspace/personality-provider-models/cdd3cdfb-1988-482a-850f-ec02aff07f45.json: "
console.error: "Failed to fetch undefinedmain-workspace/personality-provider-models/a3944b1a-5464-406f-a97e-691702019575.json: "
console.error: "Failed to fetch undefinedmain-workspace/personality-provider-models/a3944b1a-5464-406f-a97e-691702019575.json: "
console.error: "Failed to fetch undefinedmain-workspace/personality-provider-models/a3944b1a-5464-406f-a97e-691702019575.json: "
console.error: "Failed to fetch undefinedmain-workspace/personality-provider-models/61c97d21-6576-4624-aa8b-37839293aebd.json: "
console.error: "Failed to fetch undefinedmain-workspace/personality-provider-models/61c97d21-6576-4624-aa8b-37839293aebd.json: "
console.error: "Failed to fetch undefinedmain-workspace/personality-provider-models/61c97d21-6576-4624-aa8b-37839293aebd.json: "
console.error: "Failed to fetch undefinedmain-workspace/personality-provider-models/1db0b78b-42f2-44fd-b78c-43f5fc760fa1.json: "
console.error: "Failed to fetch undefinedmain-workspace/personality-provider-models/1db0b78b-42f2-44fd-b78c-43f5fc760fa1.json: "
console.error: "Failed to fetch undefinedmain-workspace/personality-provider-models/1db0b78b-42f2-44fd-b78c-43f5fc760fa1.json: "
console.error: "Failed to fetch undefinedmain-workspace/personality-provider-models/393f4033-c815-48d4-bf23-1eb42b4d30db.json: "
console.error: "Failed to fetch undefinedmain-workspace/personality-provider-models/393f4033-c815-48d4-bf23-1eb42b4d30db.json: "
console.error: "Failed to fetch undefinedmain-workspace/personality-provider-models/393f4033-c815-48d4-bf23-1eb42b4d30db.json: "
console.error: "Failed to fetch undefinedmain-workspace/personality-provider-models/76666027-45db-4baa-8197-6e0f886966a8.json: "
console.error: "Failed to fetch undefinedmain-workspace/personality-provider-models/76666027-45db-4baa-8197-6e0f886966a8.json: "
console.error: "Failed to fetch undefinedmain-workspace/personality-provider-models/76666027-45db-4baa-8197-6e0f886966a8.json: "
console.error: "Failed to fetch undefinedmain-workspace/personality-provider-models/24538f21-45ca-4dab-addb-65f655a688e2.json: "
console.error: "Failed to fetch undefinedmain-workspace/personality-provider-models/24538f21-45ca-4dab-addb-65f655a688e2.json: "
console.error: "Failed to fetch undefinedmain-workspace/personality-provider-models/24538f21-45ca-4dab-addb-65f655a688e2.json: "
console.error: "Failed to fetch undefinedmain-workspace/personality-provider-models/ad749af2-93d7-4bf3-982f-a558175fd806.json: "
console.error: "Failed to fetch undefinedmain-workspace/personality-provider-models/ad749af2-93d7-4bf3-982f-a558175fd806.json: "
console.error: "Failed to fetch undefinedmain-workspace/personality-provider-models/ad749af2-93d7-4bf3-982f-a558175fd806.json: "
console.error: "Failed to fetch undefinedmain-workspace/personality-provider-models/f477331d-33dc-4dfe-be46-88d5223fb439.json: "
console.error: "Failed to fetch undefinedmain-workspace/personality-provider-models/f477331d-33dc-4dfe-be46-88d5223fb439.json: "
console.error: "Failed to fetch undefinedmain-workspace/personality-provider-models/f477331d-33dc-4dfe-be46-88d5223fb439.json: "
console.error: "Failed to fetch undefinedmain-workspace/personality-provider-models/8267a2cc-0984-4410-87db-c02530703a98.json: "
console.error: "Failed to fetch undefinedmain-workspace/personality-provider-models/8267a2cc-0984-4410-87db-c02530703a98.json: "
console.error: "Failed to fetch undefinedmain-workspace/personality-provider-models/8267a2cc-0984-4410-87db-c02530703a98.json: "
console.error: "Failed to fetch undefinedmain-workspace/personality-provider-models/3fcbb458-7362-47bb-a426-6b542eb2f014.json: "
console.error: "Failed to fetch undefinedmain-workspace/personality-provider-models/3fcbb458-7362-47bb-a426-6b542eb2f014.json: "
console.error: "Failed to fetch undefinedmain-workspace/personality-provider-models/3fcbb458-7362-47bb-a426-6b542eb2f014.json: "
console.error: "Failed to fetch undefinedmain-workspace/personality-provider-models/5d011771-de98-48f3-8565-7fc1ef6439c3.json: "
console.error: "Failed to fetch undefinedmain-workspace/personality-provider-models/5d011771-de98-48f3-8565-7fc1ef6439c3.json: "
console.error: "Failed to fetch undefinedmain-workspace/personality-provider-models/5d011771-de98-48f3-8565-7fc1ef6439c3.json: "
console.error: "Failed to fetch undefinedmain-workspace/personality-provider-models/145b9461-d6cc-4341-8d96-ec3bacace059.json: "
console.error: "Failed to fetch undefinedmain-workspace/personality-provider-models/145b9461-d6cc-4341-8d96-ec3bacace059.json: "
console.error: "Failed to fetch undefinedmain-workspace/personality-provider-models/145b9461-d6cc-4341-8d96-ec3bacace059.json: "
console.error: "Failed to fetch undefinedmain-workspace/personality-provider-models/0685a1b5-34eb-4c13-8c90-bc82735e527f.json: "
console.error: "Failed to fetch undefinedmain-workspace/personality-provider-models/0685a1b5-34eb-4c13-8c90-bc82735e527f.json: "
console.error: "Failed to fetch undefinedmain-workspace/personality-provider-models/0685a1b5-34eb-4c13-8c90-bc82735e527f.json: "
console.error: "Failed to fetch undefinedmain-workspace/personality-provider-recipe/e4fb5038-c29e-4954-98a0-72a882e4841f.json: "
console.error: "Failed to fetch undefinedmain-workspace/personality-provider-recipe/e4fb5038-c29e-4954-98a0-72a882e4841f.json: "
console.error: "Failed to fetch undefinedmain-workspace/personality-provider-recipe/e4fb5038-c29e-4954-98a0-72a882e4841f.json: "
